2025-01-23 23:19:09,560 - data_visualization_plotly - INFO - Initializing Dash application...
2025-01-23 23:19:09,564 - data_visualization_plotly - INFO - Loading analysis data from Processed_20250112_Analysis.csv
2025-01-23 23:19:09,564 - data_visualization_plotly - INFO - Loading summary data from Summary_20250112.csv
2025-01-23 23:19:09,587 - data_visualization_plotly - INFO - Successfully loaded 228 records
2025-01-23 23:19:09,605 - data_visualization_plotly - INFO - Starting dashboard server...
2025-01-23 23:19:09,606 - dash.dash - INFO - Dash is running on http://127.0.0.1:8050/

2025-01-23 23:19:11,357 - data_visualization_plotly - INFO - Initializing Dash application...
2025-01-23 23:19:11,362 - data_visualization_plotly - INFO - Loading analysis data from Processed_20250112_Analysis.csv
2025-01-23 23:19:11,362 - data_visualization_plotly - INFO - Loading summary data from Summary_20250112.csv
2025-01-23 23:19:11,366 - data_visualization_plotly - INFO - Successfully loaded 228 records
2025-01-23 23:19:11,375 - data_visualization_plotly - INFO - Starting dashboard server...
2025-01-23 23:21:30,286 - data_visualization_plotly - INFO - Initializing Dash application...
2025-01-23 23:21:30,290 - data_visualization_plotly - INFO - Loading analysis data from Processed_20250112_Analysis.csv
2025-01-23 23:21:30,290 - data_visualization_plotly - INFO - Loading summary data from Summary_20250112.csv
2025-01-23 23:21:30,308 - data_visualization_plotly - INFO - Successfully loaded 228 records
2025-01-23 23:21:30,321 - data_visualization_plotly - INFO - Starting dashboard server...
2025-01-23 23:21:30,321 - dash.dash - INFO - Dash is running on http://127.0.0.1:8050/

2025-01-23 23:21:32,083 - data_visualization_plotly - INFO - Initializing Dash application...
2025-01-23 23:21:32,083 - data_visualization_plotly - INFO - Loading analysis data from Processed_20250112_Analysis.csv
2025-01-23 23:21:32,083 - data_visualization_plotly - INFO - Loading summary data from Summary_20250112.csv
2025-01-23 23:21:32,088 - data_visualization_plotly - INFO - Successfully loaded 228 records
2025-01-23 23:21:32,095 - data_visualization_plotly - INFO - Starting dashboard server...
2025-01-23 23:25:01,654 - data_visualization_plotly - INFO - Initializing Dash application...
2025-01-23 23:25:01,654 - data_visualization_plotly - INFO - Loading analysis data from Processed_20250112_Analysis.csv
2025-01-23 23:25:01,654 - data_visualization_plotly - INFO - Loading summary data from Summary_20250112.csv
2025-01-23 23:25:01,659 - data_visualization_plotly - INFO - Successfully loaded 228 records
2025-01-23 23:25:01,674 - data_visualization_plotly - INFO - Starting dashboard server...
2025-01-23 23:25:24,391 - data_visualization_plotly - INFO - Initializing Dash application...
2025-01-23 23:25:24,391 - data_visualization_plotly - INFO - Loading analysis data from Processed_20250112_Analysis.csv
2025-01-23 23:25:24,391 - data_visualization_plotly - INFO - Loading summary data from Summary_20250112.csv
2025-01-23 23:25:24,395 - data_visualization_plotly - INFO - Successfully loaded 228 records
2025-01-23 23:25:24,408 - data_visualization_plotly - INFO - Starting dashboard server...
2025-01-23 23:27:02,982 - data_visualization_plotly - INFO - Initializing Dash application...
2025-01-23 23:27:02,982 - data_visualization_plotly - INFO - Loading analysis data from Processed_20250112_Analysis.csv
2025-01-23 23:27:02,982 - data_visualization_plotly - INFO - Loading summary data from Summary_20250112.csv
2025-01-23 23:27:02,986 - data_visualization_plotly - INFO - Successfully loaded 228 records
2025-01-23 23:27:02,998 - data_visualization_plotly - INFO - Starting dashboard server...
2025-01-23 23:29:32,688 - data_visualization_plotly - INFO - Initializing Dash application...
2025-01-23 23:29:32,688 - data_visualization_plotly - INFO - Loading analysis data from Processed_20250112_Analysis.csv
2025-01-23 23:29:32,688 - data_visualization_plotly - INFO - Loading summary data from Summary_20250112.csv
2025-01-23 23:29:32,704 - data_visualization_plotly - INFO - Successfully loaded 228 records
2025-01-23 23:29:32,717 - data_visualization_plotly - INFO - Starting dashboard server...
2025-01-23 23:31:01,655 - data_visualization_plotly - INFO - Initializing Dash application...
2025-01-23 23:31:01,655 - data_visualization_plotly - INFO - Loading analysis data from Processed_20250112_Analysis.csv
2025-01-23 23:31:01,655 - data_visualization_plotly - INFO - Loading summary data from Summary_20250112.csv
2025-01-23 23:31:01,658 - data_visualization_plotly - INFO - Successfully loaded 228 records
2025-01-23 23:31:01,672 - data_visualization_plotly - INFO - Starting dashboard server...
2025-01-24 02:38:00,448 - data_visualization_plotly - INFO - Initializing Dash application...
2025-01-24 02:38:00,448 - data_visualization_plotly - INFO - Loading analysis data from Processed_20250123_Analysis.csv
2025-01-24 02:38:00,449 - data_visualization_plotly - INFO - Loading summary data from Summary_20250123.csv
2025-01-24 02:38:00,452 - data_visualization_plotly - INFO - Successfully loaded 228 records
2025-01-24 02:38:00,462 - data_visualization_plotly - INFO - Starting dashboard server...
2025-01-24 02:38:00,463 - dash.dash - INFO - Dash is running on http://127.0.0.1:8050/

2025-01-24 02:38:02,108 - data_visualization_plotly - INFO - Initializing Dash application...
2025-01-24 02:38:02,108 - data_visualization_plotly - INFO - Loading analysis data from Processed_20250123_Analysis.csv
2025-01-24 02:38:02,108 - data_visualization_plotly - INFO - Loading summary data from Summary_20250123.csv
2025-01-24 02:38:02,114 - data_visualization_plotly - INFO - Successfully loaded 228 records
2025-01-24 02:38:02,124 - data_visualization_plotly - INFO - Starting dashboard server...
2025-01-24 02:50:15,853 - data_visualization_plotly - INFO - Initializing Dash application...
2025-01-24 02:50:15,853 - data_visualization_plotly - INFO - Loading analysis data from Processed_20250123_Analysis.csv
2025-01-24 02:50:15,853 - data_visualization_plotly - INFO - Loading summary data from Summary_20250123.csv
2025-01-24 02:50:15,861 - data_visualization_plotly - INFO - Successfully loaded 228 records
2025-01-24 02:50:15,871 - data_visualization_plotly - INFO - Starting dashboard server...
2025-01-24 02:50:15,872 - dash.dash - INFO - Dash is running on http://127.0.0.1:8050/

2025-01-24 02:50:17,456 - data_visualization_plotly - INFO - Initializing Dash application...
2025-01-24 02:50:17,456 - data_visualization_plotly - INFO - Loading analysis data from Processed_20250123_Analysis.csv
2025-01-24 02:50:17,456 - data_visualization_plotly - INFO - Loading summary data from Summary_20250123.csv
2025-01-24 02:50:17,460 - data_visualization_plotly - INFO - Successfully loaded 228 records
2025-01-24 02:50:17,469 - data_visualization_plotly - INFO - Starting dashboard server...
